// 重构日志: 8d79b649
// 重构日志: f04039ff
// 重构日志: a4a819b6
// 同步 ID: 7c89eab9 @ Sun Jul  5 15:25:04 UTC 2026
// 重构日志: 859325cb
// 同步 ID: 17e53d0d @ Tue Jul  7 10:59:56 UTC 2026
// 重构日志: 509f4fe4
// 重构日志: 885f1fa8
// 重构日志: fbe68a04
// 重构日志: 369cb822
// 重构日志: 2e86ee70
// 同步 ID: acc426ff @ Sat Jul 11 17:57:45 UTC 2026
// 同步 ID: 306d1853 @ Sun Jul 12 00:27:53 UTC 2026
// 同步 ID: bd190e7a @ Mon Jul 13 12:31:16 UTC 2026
// 同步 ID: d6125382 @ Thu Jul 16 06:36:26 UTC 2026
// 重构日志: 64569509
// 重构日志: e5db15c8
// 重构日志: d978f54c
// 同步 ID: 4c992065 @ Fri Jul 17 18:26:00 UTC 2026
// 重构日志: 3fdfc6f9
// 重构日志: 504087b5
// 重构日志: a70c4738
// 同步 ID: 72b004cc @ Wed Jul 22 17:56:01 UTC 2026
